# JRE version: OpenJDK Runtime Environment (8.0_242-b01) (build 1.8.0_242-release-1644-b01)
# Java VM: OpenJDK 64-Bit Server VM (25.242-b01 mixed mode windows-amd64 compressed oops)
Heap:
 PSYoungGen      total 243200K, used 56678K [0x00000000e0000000, 0x00000000f3700000, 0x0000000100000000)
  eden space 198656K, 11% used [0x00000000e0000000,0x00000000e16c0b90,0x00000000ec200000)
  from space 44544K, 74% used [0x00000000ec200000,0x00000000ee298d38,0x00000000eed80000)
  to   space 47616K, 0% used [0x00000000f0880000,0x00000000f0880000,0x00000000f3700000)
 ParOldGen       total 262144K, used 130152K [0x00000000a0000000, 0x00000000b0000000, 0x00000000e0000000)
  object space 262144K, 49% used [0x00000000a0000000,0x00000000a7f1a308,0x00000000b0000000)
 Metaspace       used 76484K, capacity 80388K, committed 80680K, reserved 1118208K
  class space    used 10111K, capacity 10965K, committed 11048K, reserved 1048576K
GC Heap History (10 events):
Event: 55.235 GC heap before
{Heap before GC invocations=21 (full 3):
 PSYoungGen      total 190464K, used 181072K [0x00000000e0000000, 0x00000000ee500000, 0x0000000100000000)
  eden space 173056K, 94% used [0x00000000e0000000,0x00000000e9fd7218,0x00000000ea900000)
  from space 17408K, 99% used [0x00000000ea900000,0x00000000eb9fd050,0x00000000eba00000)
  to   space 23040K, 0% used [0x00000000ece80000,0x00000000ece80000,0x00000000ee500000)
 ParOldGen       total 117760K, used 46893K [0x00000000a0000000, 0x00000000a7300000, 0x00000000e0000000)
  object space 117760K, 39% used [0x00000000a0000000,0x00000000a2dcb780,0x00000000a7300000)
 Metaspace       used 71382K, capacity 75022K, committed 75176K, reserved 1114112K
  class space    used 9763K, capacity 10550K, committed 10664K, reserved 1048576K
Event: 55.258 GC heap after
Heap after GC invocations=21 (full 3):
 PSYoungGen      total 196096K, used 23029K [0x00000000e0000000, 0x00000000f0b80000, 0x0000000100000000)
  eden space 173056K, 0% used [0x00000000e0000000,0x00000000e0000000,0x00000000ea900000)
  from space 23040K, 99% used [0x00000000ece80000,0x00000000ee4fd690,0x00000000ee500000)
  to   space 38400K, 0% used [0x00000000ea900000,0x00000000ea900000,0x00000000ece80000)
 ParOldGen       total 117760K, used 78938K [0x00000000a0000000, 0x00000000a7300000, 0x00000000e0000000)
  object space 117760K, 67% used [0x00000000a0000000,0x00000000a4d169c0,0x00000000a7300000)
 Metaspace       used 71382K, capacity 75022K, committed 75176K, reserved 1114112K
  class space    used 9763K, capacity 10550K, committed 10664K, reserved 1048576K
}
Event: 56.041 GC heap before
{Heap before GC invocations=22 (full 3):
 PSYoungGen      total 196096K, used 195494K [0x00000000e0000000, 0x00000000f0b80000, 0x0000000100000000)
  eden space 173056K, 99% used [0x00000000e0000000,0x00000000ea86c448,0x00000000ea900000)
  from space 23040K, 99% used [0x00000000ece80000,0x00000000ee4fd690,0x00000000ee500000)
  to   space 38400K, 0% used [0x00000000ea900000,0x00000000ea900000,0x00000000ece80000)
 ParOldGen       total 117760K, used 78938K [0x00000000a0000000, 0x00000000a7300000, 0x00000000e0000000)
  object space 117760K, 67% used [0x00000000a0000000,0x00000000a4d169c0,0x00000000a7300000)
 Metaspace       used 71527K, capacity 75152K, committed 75432K, reserved 1114112K
  class space    used 9790K, capacity 10591K, committed 10664K, reserved 1048576K
Event: 56.061 GC heap after
Heap after GC invocations=22 (full 3):
 PSYoungGen      total 211456K, used 34736K [0x00000000e0000000, 0x00000000f1800000, 0x0000000100000000)
  eden space 173056K, 0% used [0x00000000e0000000,0x00000000e0000000,0x00000000ea900000)
  from space 38400K, 90% used [0x00000000ea900000,0x00000000ecaec378,0x00000000ece80000)
  to   space 43520K, 0% used [0x00000000eed80000,0x00000000eed80000,0x00000000f1800000)
 ParOldGen       total 145408K, used 135222K [0x00000000a0000000, 0x00000000a8e00000, 0x00000000e0000000)
  object space 145408K, 92% used [0x00000000a0000000,0x00000000a840db38,0x00000000a8e00000)
 Metaspace       used 71527K, capacity 75152K, committed 75432K, reserved 1114112K
  class space    used 9790K, capacity 10591K, committed 10664K, reserved 1048576K
}
Event: 56.061 GC heap before
{Heap before GC invocations=23 (full 4):
 PSYoungGen      total 211456K, used 34736K [0x00000000e0000000, 0x00000000f1800000, 0x0000000100000000)
  eden space 173056K, 0% used [0x00000000e0000000,0x00000000e0000000,0x00000000ea900000)
  from space 38400K, 90% used [0x00000000ea900000,0x00000000ecaec378,0x00000000ece80000)
  to   space 43520K, 0% used [0x00000000eed80000,0x00000000eed80000,0x00000000f1800000)
 ParOldGen       total 145408K, used 135222K [0x00000000a0000000, 0x00000000a8e00000, 0x00000000e0000000)
  object space 145408K, 92% used [0x00000000a0000000,0x00000000a840db38,0x00000000a8e00000)
 Metaspace       used 71527K, capacity 75152K, committed 75432K, reserved 1114112K
  class space    used 9790K, capacity 10591K, committed 10664K, reserved 1048576K
Event: 56.220 GC heap after
Heap after GC invocations=23 (full 4):
 PSYoungGen      total 211456K, used 0K [0x00000000e0000000, 0x00000000f1800000, 0x0000000100000000)
  eden space 173056K, 0% used [0x00000000e0000000,0x00000000e0000000,0x00000000ea900000)
  from space 38400K, 0% used [0x00000000ea900000,0x00000000ea900000,0x00000000ece80000)
  to   space 43520K, 0% used [0x00000000eed80000,0x00000000eed80000,0x00000000f1800000)
 ParOldGen       total 262144K, used 130136K [0x00000000a0000000, 0x00000000b0000000, 0x00000000e0000000)
  object space 262144K, 49% used [0x00000000a0000000,0x00000000a7f16308,0x00000000b0000000)
 Metaspace       used 71238K, capacity 74354K, committed 75432K, reserved 1114112K
  class space    used 9696K, capacity 10426K, committed 10664K, reserved 1048576K
}
Event: 4984.678 GC heap before
{Heap before GC invocations=24 (full 4):
 PSYoungGen      total 211456K, used 173056K [0x00000000e0000000, 0x00000000f1800000, 0x0000000100000000)
  eden space 173056K, 100% used [0x00000000e0000000,0x00000000ea900000,0x00000000ea900000)
  from space 38400K, 0% used [0x00000000ea900000,0x00000000ea900000,0x00000000ece80000)
  to   space 43520K, 0% used [0x00000000eed80000,0x00000000eed80000,0x00000000f1800000)
 ParOldGen       total 262144K, used 130136K [0x00000000a0000000, 0x00000000b0000000, 0x00000000e0000000)
  object space 262144K, 49% used [0x00000000a0000000,0x00000000a7f16308,0x00000000b0000000)
 Metaspace       used 75526K, capacity 78978K, committed 79272K, reserved 1118208K
  class space    used 10028K, capacity 10850K, committed 10920K, reserved 1048576K
Event: 4985.049 GC heap after
Heap after GC invocations=24 (full 4):
 PSYoungGen      total 242176K, used 26379K [0x00000000e0000000, 0x00000000f1900000, 0x0000000100000000)
  eden space 198656K, 0% used [0x00000000e0000000,0x00000000e0000000,0x00000000ec200000)
  from space 43520K, 60% used [0x00000000eed80000,0x00000000f0742f90,0x00000000f1800000)
  to   space 44544K, 0% used [0x00000000ec200000,0x00000000ec200000,0x00000000eed80000)
 ParOldGen       total 262144K, used 130144K [0x00000000a0000000, 0x00000000b0000000, 0x00000000e0000000)
  object space 262144K, 49% used [0x00000000a0000000,0x00000000a7f18308,0x00000000b0000000)
 Metaspace       used 75526K, capacity 78978K, committed 79272K, reserved 1118208K
  class space    used 10028K, capacity 10850K, committed 10920K, reserved 1048576K
}
Event: 5393.825 GC heap before
{Heap before GC invocations=25 (full 4):
 PSYoungGen      total 242176K, used 225035K [0x00000000e0000000, 0x00000000f1900000, 0x0000000100000000)
  eden space 198656K, 100% used [0x00000000e0000000,0x00000000ec200000,0x00000000ec200000)
  from space 43520K, 60% used [0x00000000eed80000,0x00000000f0742f90,0x00000000f1800000)
  to   space 44544K, 0% used [0x00000000ec200000,0x00000000ec200000,0x00000000eed80000)
 ParOldGen       total 262144K, used 130144K [0x00000000a0000000, 0x00000000b0000000, 0x00000000e0000000)
  object space 262144K, 49% used [0x00000000a0000000,0x00000000a7f18308,0x00000000b0000000)
 Metaspace       used 76468K, capacity 80318K, committed 80424K, reserved 1118208K
  class space    used 10110K, capacity 10964K, committed 11048K, reserved 1048576K
Event: 5394.172 GC heap after
Heap after GC invocations=25 (full 4):
 PSYoungGen      total 243200K, used 33379K [0x00000000e0000000, 0x00000000f3700000, 0x0000000100000000)
  eden space 198656K, 0% used [0x00000000e0000000,0x00000000e0000000,0x00000000ec200000)
  from space 44544K, 74% used [0x00000000ec200000,0x00000000ee298d38,0x00000000eed80000)
  to   space 47616K, 0% used [0x00000000f0880000,0x00000000f0880000,0x00000000f3700000)
 ParOldGen       total 262144K, used 130152K [0x00000000a0000000, 0x00000000b0000000, 0x00000000e0000000)
  object space 262144K, 49% used [0x00000000a0000000,0x00000000a7f1a308,0x00000000b0000000)
 Metaspace       used 76468K, capacity 80318K, committed 80424K, reserved 1118208K
  class space    used 10110K, capacity 10964K, committed 11048K, reserved 1048576K
}

